-------------------------------------------------------------------------------
Test set: ru.netology.stats.StatsServiceTest
-------------------------------------------------------------------------------
Tests run: 6, Failures: 1, Errors: 0, Skipped: 0, Time elapsed: 0.033 s <<< FAILURE! - in ru.netology.stats.StatsServiceTest
sumSales  Time elapsed: 0.025 s  <<< FAILURE!
org.opentest4j.AssertionFailedError: expected: <150> but was: <200>
	at ru.netology.stats.StatsServiceTest.sumSales(StatsServiceTest.java:20)

