<?xml version="1.0" encoding="UTF-8"?>
<testsuite xmlns:xsi="http://www.w3.org/2001/XMLSchema-instance" xsi:noNamespaceSchemaLocation="https://maven.apache.org/surefire/maven-surefire-plugin/xsd/surefire-test-report.xsd" name="ru.netology.stats.StatsServiceTest" time="0.033" tests="6" errors="0" skipped="0" failures="1">
  <properties>
[...]
</properties>
  <testcase name="sumSales" classname="ru.netology.stats.StatsServiceTest" time="0.025">
    <failure message="expected: &lt;150&gt; but was: &lt;200&gt;" type="org.opentest4j.AssertionFailedError"><![CDATA[org.opentest4j.AssertionFailedError: expected: <150> but was: <200>
	at ru.netology.stats.StatsServiceTest.sumSales(StatsServiceTest.java:20)
]]></failure>
  </testcase>
  <testcase name="shouldBelowAverageSales" classname="ru.netology.stats.StatsServiceTest" time="0"/>
  <testcase name="shouldAverageSales" classname="ru.netology.stats.StatsServiceTest" time="0.001"/>
  <testcase name="shouldMaxSales" classname="ru.netology.stats.StatsServiceTest" time="0.001"/>
  <testcase name="shouldAboveAverageSales" classname="ru.netology.stats.StatsServiceTest" time="0"/>
  <testcase name="shouldMinSales" classname="ru.netology.stats.StatsServiceTest" time="0"/>
</testsuite>